info it worked if it ends with ok
verbose cli [ 'node', '/usr/local/bin/npm', 'link' ]
info using npm@1.0.105
info using node@v0.6.1
verbose config file /Users/sorensen/.npmrc
verbose config file /usr/local/etc/npmrc
verbose config file /usr/local/lib/node_modules/npm/npmrc
ERR! Error: ENOENT, no such file or directory '/Users/sorensen/dev/package.json'
ERR! Report this *entire* log at:
ERR!     <http://github.com/isaacs/npm/issues>
ERR! or email it to:
ERR!     <npm-@googlegroups.com>
ERR! 
ERR! System Darwin 11.2.0
ERR! command "node" "/usr/local/bin/npm" "link"
ERR! cwd /Users/sorensen/dev/projects/dnode-cookie
ERR! node -v v0.6.1
ERR! npm -v 1.0.105
ERR! path /Users/sorensen/dev/package.json
ERR! code ENOENT
verbose exit [ 1, true ]
